<?xml version="1.0" encoding="UTF-8"?>
<!-- Generated by org.testng.reporters.JUnitReportReporter -->
<testsuite hostname="NAIM" failures="0" tests="1" name="seleniumWebDriverPracticeOnWalmart.AppTest" time="5.015" errors="0" timestamp="2023-08-22T00:48:45 EDT" skipped="0">
  <testcase classname="seleniumWebDriverPracticeOnWalmart.AppTest" name="test01" time="5.015"/>
</testsuite> <!-- seleniumWebDriverPracticeOnWalmart.AppTest -->
